<?xml version="1.0" encoding="UTF-8"?>
<!-- Generated by org.testng.reporters.JUnitReportReporter -->
<testsuite hostname="DESKTOP-GCHVIFO" failures="0" tests="3" name="org.test.AdactinMainclass" time="20.006" errors="0" timestamp="03 May 2022 07:26:37 GMT" skipped="0">
  <testcase classname="org.test.AdactinMainclass" name="searchHotel" time="4.217"/>
  <testcase classname="org.test.AdactinMainclass" name="serchHotel" time="4.092"/>
  <testcase classname="org.test.AdactinMainclass" name="loginPage" time="11.697"/>
</testsuite> <!-- org.test.AdactinMainclass -->
